{"C:\\Users\\USER\\Documents\\4.2\\Software verification and validation\\Lab\\Lab 3\\Calculator-javascript-unit-testing\\src\\basic.js": {"path":"C:\\Users\\USER\\Documents\\4.2\\Software verification and validation\\Lab\\Lab 3\\Calculator-javascript-unit-testing\\src\\basic.js","statementMap":{"0":{"start":{"line":2,"column":2},"end":{"line":2,"column":15}},"1":{"start":{"line":6,"column":2},"end":{"line":6,"column":15}},"2":{"start":{"line":10,"column":2},"end":{"line":10,"column":15}},"3":{"start":{"line":14,"column":2},"end":{"line":14,"column":15}},"4":{"start":{"line":17,"column":0},"end":{"line":22,"column":2}}},"fnMap":{"0":{"name":"add","decl":{"start":{"line":1,"column":9},"end":{"line":1,"column":12}},"loc":{"start":{"line":1,"column":19},"end":{"line":3,"column":1}},"line":1},"1":{"name":"substract","decl":{"start":{"line":5,"column":9},"end":{"line":5,"column":18}},"loc":{"start":{"line":5,"column":25},"end":{"line":7,"column":1}},"line":5},"2":{"name":"multiply","decl":{"start":{"line":9,"column":9},"end":{"line":9,"column":17}},"loc":{"start":{"line":9,"column":24},"end":{"line":11,"column":1}},"line":9},"3":{"name":"divide","decl":{"start":{"line":13,"column":9},"end":{"line":13,"column":15}},"loc":{"start":{"line":13,"column":22},"end":{"line":15,"column":1}},"line":13}},"branchMap":{},"s":{"0":16,"1":0,"2":0,"3":0,"4":1},"f":{"0":16,"1":0,"2":0,"3":0},"b":{},"_coverageSchema":"1a1c01bbd47fc00a2c39e90264f33305004495a9","hash":"cb92aa3a5ac4132cf9a6a1329d70d19b536c486d"}
}
